============================= test session starts ==============================
platform darwin -- Python 3.12.12, pytest-9.1.1, pluggy-1.6.0 -- /Users/danny/.cache/uv/builds-v0/.tmpFTmYq0/bin/python
cachedir: .pytest_cache
rootdir: /Users/danny/workspace/seoul-kenshi-character-round2
collecting ... collected 7 items

GAME-REFERENCE/character-assembly-poc/round2/tests/uv_red/test_round1_uv_false_approval_red.py::test_clean_edge_contact_and_disjoint_triangles_remain_approved PASSED [ 14%]
GAME-REFERENCE/character-assembly-poc/round2/tests/uv_red/test_round1_uv_false_approval_red.py::test_malformed_triangle_shape_is_rejected_by_real_audit PASSED [ 28%]
GAME-REFERENCE/character-assembly-poc/round2/tests/uv_red/test_round1_uv_false_approval_red.py::test_wrapper_rejects_dict_shaped_positive_overlap_from_real_audit FAILED [ 42%]
GAME-REFERENCE/character-assembly-poc/round2/tests/uv_red/test_round1_uv_false_approval_red.py::test_wrapper_rejects_nonfinite_real_audit_failure FAILED [ 57%]
GAME-REFERENCE/character-assembly-poc/round2/tests/uv_red/test_round1_uv_false_approval_red.py::test_wrapper_rejects_degenerate_real_audit_failure FAILED [ 71%]
GAME-REFERENCE/character-assembly-poc/round2/tests/uv_red/test_round1_uv_false_approval_red.py::test_adjacent_positive_area_overlap_cannot_be_exempted FAILED [ 85%]
GAME-REFERENCE/character-assembly-poc/round2/tests/uv_red/test_round1_uv_false_approval_red.py::test_native_concave_polygon_triangulation_replaces_historical_fan FAILED [100%]

=================================== FAILURES ===================================
______ test_wrapper_rejects_dict_shaped_positive_overlap_from_real_audit _______
GAME-REFERENCE/character-assembly-poc/round2/tests/uv_red/test_round1_uv_false_approval_red.py:144: in test_wrapper_rejects_dict_shaped_positive_overlap_from_real_audit
    assert wrapper_ok is False
E   assert True is False
______________ test_wrapper_rejects_nonfinite_real_audit_failure _______________
GAME-REFERENCE/character-assembly-poc/round2/tests/uv_red/test_round1_uv_false_approval_red.py:167: in test_wrapper_rejects_nonfinite_real_audit_failure
    _assert_wrapper_rejects_hard_failure(
GAME-REFERENCE/character-assembly-poc/round2/tests/uv_red/test_round1_uv_false_approval_red.py:161: in _assert_wrapper_rejects_hard_failure
    assert wrapper_ok is False
E   assert True is False
______________ test_wrapper_rejects_degenerate_real_audit_failure ______________
GAME-REFERENCE/character-assembly-poc/round2/tests/uv_red/test_round1_uv_false_approval_red.py:173: in test_wrapper_rejects_degenerate_real_audit_failure
    _assert_wrapper_rejects_hard_failure(
GAME-REFERENCE/character-assembly-poc/round2/tests/uv_red/test_round1_uv_false_approval_red.py:161: in _assert_wrapper_rejects_hard_failure
    assert wrapper_ok is False
E   assert True is False
____________ test_adjacent_positive_area_overlap_cannot_be_exempted ____________
GAME-REFERENCE/character-assembly-poc/round2/tests/uv_red/test_round1_uv_false_approval_red.py:206: in test_adjacent_positive_area_overlap_cannot_be_exempted
    assert len(overlap_records) == 1
E   assert 0 == 1
E    +  where 0 = len([])
______ test_native_concave_polygon_triangulation_replaces_historical_fan _______
GAME-REFERENCE/character-assembly-poc/round2/tests/uv_red/test_round1_uv_false_approval_red.py:237: in test_native_concave_polygon_triangulation_replaces_historical_fan
    assert result["historical_fan_vertex_triangles"] == result["native_vertex_triangles"]
E   assert [[0, 1, 2], [0, 2, 3], [0, 3, 4]] == [[1, 2, 3], [3, 4, 0], [0, 1, 3]]
E     
E     At index 0 diff: [0, 1, 2] != [1, 2, 3]
E     
E     Full diff:
E       [
E           [
E     +         0,
E               1,
E     +         2,
E     +     ],
E     +     [
E     +         0,
E               2,
E               3,
E           ],
E           [
E     +         0,
E               3,
E               4,
E     -         0,
E     -     ],
E     -     [
E     -         0,
E     -         1,
E     -         3,
E           ],
E       ]
=========================== short test summary info ============================
FAILED GAME-REFERENCE/character-assembly-poc/round2/tests/uv_red/test_round1_uv_false_approval_red.py::test_wrapper_rejects_dict_shaped_positive_overlap_from_real_audit - assert True is False
FAILED GAME-REFERENCE/character-assembly-poc/round2/tests/uv_red/test_round1_uv_false_approval_red.py::test_wrapper_rejects_nonfinite_real_audit_failure - assert True is False
FAILED GAME-REFERENCE/character-assembly-poc/round2/tests/uv_red/test_round1_uv_false_approval_red.py::test_wrapper_rejects_degenerate_real_audit_failure - assert True is False
FAILED GAME-REFERENCE/character-assembly-poc/round2/tests/uv_red/test_round1_uv_false_approval_red.py::test_adjacent_positive_area_overlap_cannot_be_exempted - assert 0 == 1
 +  where 0 = len([])
FAILED GAME-REFERENCE/character-assembly-poc/round2/tests/uv_red/test_round1_uv_false_approval_red.py::test_native_concave_polygon_triangulation_replaces_historical_fan - assert [[0, 1, 2], [0, 2, 3], [0, 3, 4]] == [[1, 2, 3], [3, 4, 0], [0, 1, 3]]
  
  At index 0 diff: [0, 1, 2] != [1, 2, 3]
  
  Full diff:
    [
        [
  +         0,
            1,
  +         2,
  +     ],
  +     [
  +         0,
            2,
            3,
        ],
        [
  +         0,
            3,
            4,
  -         0,
  -     ],
  -     [
  -         0,
  -         1,
  -         3,
        ],
    ]
========================= 5 failed, 2 passed in 1.23s ==========================
